  [1m[35m (0.1ms)[0m  [1m[34mSELECT sqlite_version(*)[0m
  ↳ bin/rails:9
  [1m[35m (129.0ms)[0m  [1m[35mCREATE TABLE "schema_migrations" ("version" varchar NOT NULL PRIMARY KEY)[0m
  ↳ bin/rails:9
  [1m[35m (155.4ms)[0m  [1m[35mCREATE TABLE "ar_internal_metadata" ("key" varchar NOT NULL PRIMARY KEY, "value" varchar, "created_at" datetime NOT NULL, "updated_at" datetime NOT NULL)[0m
  ↳ bin/rails:9
  [1m[35m (0.3ms)[0m  [1m[34mSELECT "schema_migrations"."version" FROM "schema_migrations" ORDER BY "schema_migrations"."version" ASC[0m
  ↳ bin/rails:9
Migrating to CreateLecons (20181024155444)
  [1m[35m (0.1ms)[0m  [1m[36mbegin transaction[0m
  ↳ bin/rails:9
  [1m[35m (0.6ms)[0m  [1m[35mCREATE TABLE "lecons" ("id" integer PRIMARY KEY AUTOINCREMENT NOT NULL, "title" varchar, "body" text, "cour_id" integer, CONSTRAINT "fk_rails_ccb56e5d58"
FOREIGN KEY ("cour_id")
  REFERENCES "cours" ("id")
)[0m
  ↳ db/migrate/20181024155444_create_lecons.rb:3
  [1m[35m (0.2ms)[0m  [1m[35mCREATE  INDEX "index_lecons_on_cour_id" ON "lecons" ("cour_id")[0m
  ↳ db/migrate/20181024155444_create_lecons.rb:3
  [1m[36mActiveRecord::SchemaMigration Create (0.2ms)[0m  [1m[32mINSERT INTO "schema_migrations" ("version") VALUES (?)[0m  [["version", "20181024155444"]]
  ↳ bin/rails:9
  [1m[35m (153.6ms)[0m  [1m[36mcommit transaction[0m
  ↳ bin/rails:9
Migrating to CreateCours (20181024155503)
  [1m[35m (0.3ms)[0m  [1m[36mbegin transaction[0m
  ↳ bin/rails:9
  [1m[35m (1.2ms)[0m  [1m[35mCREATE TABLE "cours" ("id" integer PRIMARY KEY AUTOINCREMENT NOT NULL, "title" varchar, "description" text)[0m
  ↳ db/migrate/20181024155503_create_cours.rb:3
  [1m[36mActiveRecord::SchemaMigration Create (0.7ms)[0m  [1m[32mINSERT INTO "schema_migrations" ("version") VALUES (?)[0m  [["version", "20181024155503"]]
  ↳ bin/rails:9
  [1m[35m (168.4ms)[0m  [1m[36mcommit transaction[0m
  ↳ bin/rails:9
  [1m[36mActiveRecord::InternalMetadata Load (1.4ms)[0m  [1m[34mSELECT  "ar_internal_metadata".* FROM "ar_internal_metadata" WHERE "ar_internal_metadata"."key" = ? LIMIT ?[0m  [["key", "environment"], ["LIMIT", 1]]
  ↳ bin/rails:9
  [1m[35m (0.2ms)[0m  [1m[36mbegin transaction[0m
  ↳ bin/rails:9
  [1m[36mActiveRecord::InternalMetadata Create (1.2ms)[0m  [1m[32mINSERT INTO "ar_internal_metadata" ("key", "value", "created_at", "updated_at") VALUES (?, ?, ?, ?)[0m  [["key", "environment"], ["value", "development"], ["created_at", "2018-10-24 16:02:06.783368"], ["updated_at", "2018-10-24 16:02:06.783368"]]
  ↳ bin/rails:9
  [1m[35m (132.8ms)[0m  [1m[36mcommit transaction[0m
  ↳ bin/rails:9
  [1m[35m (0.6ms)[0m  [1m[34mSELECT "schema_migrations"."version" FROM "schema_migrations" ORDER BY "schema_migrations"."version" ASC[0m
  ↳ bin/rails:9
  [1m[35m (0.1ms)[0m  [1m[34mSELECT "schema_migrations"."version" FROM "schema_migrations" ORDER BY "schema_migrations"."version" ASC[0m
  ↳ bin/rails:9
  [1m[35m (0.1ms)[0m  [1m[34mSELECT "schema_migrations"."version" FROM "schema_migrations" ORDER BY "schema_migrations"."version" ASC[0m
  ↳ bin/rails:9
  [1m[35m (0.1ms)[0m  [1m[34mSELECT "schema_migrations"."version" FROM "schema_migrations" ORDER BY "schema_migrations"."version" ASC[0m
  ↳ bin/rails:9
  [1m[35m (0.1ms)[0m  [1m[34mSELECT "schema_migrations"."version" FROM "schema_migrations" ORDER BY "schema_migrations"."version" ASC[0m
  ↳ bin/rails:9
  [1m[35m (0.1ms)[0m  [1m[36mbegin transaction[0m
  ↳ db/seeds.rb:10
  [1m[36mLecon Create (0.6ms)[0m  [1m[32mINSERT INTO "lecons" ("title", "body", "cour_id") VALUES (?, ?, ?)[0m  [["title", "George McFly"], ["body", "Oh, my God. They found me. I don't know how, but they found me. Run for it, Marty!"], ["cour_id", 2]]
  ↳ db/seeds.rb:10
  [1m[35m (0.1ms)[0m  [1m[31mrollback transaction[0m
  ↳ db/seeds.rb:10
  [1m[35m (0.1ms)[0m  [1m[34mSELECT "schema_migrations"."version" FROM "schema_migrations" ORDER BY "schema_migrations"."version" ASC[0m
  ↳ bin/rails:9
  [1m[35m (0.0ms)[0m  [1m[36mbegin transaction[0m
  ↳ db/seeds.rb:10
  [1m[36mLecon Create (0.4ms)[0m  [1m[32mINSERT INTO "lecons" ("title", "body", "cour_id") VALUES (?, ?, ?)[0m  [["title", "Sally Baines"], ["body", "Don't be so gullible, McFly. Got the place fixed up nice, though, McFly."], ["cour_id", 1]]
  ↳ db/seeds.rb:10
  [1m[35m (0.0ms)[0m  [1m[31mrollback transaction[0m
  ↳ db/seeds.rb:10
  [1m[35m (0.1ms)[0m  [1m[34mSELECT "schema_migrations"."version" FROM "schema_migrations" ORDER BY "schema_migrations"."version" ASC[0m
  ↳ bin/rails:9
  [1m[35m (0.0ms)[0m  [1m[36mbegin transaction[0m
  ↳ db/seeds.rb:13
  [1m[36mCour Create (0.2ms)[0m  [1m[32mINSERT INTO "cours" ("title", "description") VALUES (?, ?)[0m  [["title", "Melly"], ["description", "Every flight begins with a fall."]]
  ↳ db/seeds.rb:13
  [1m[35m (207.2ms)[0m  [1m[36mcommit transaction[0m
  ↳ db/seeds.rb:13
  [1m[35m (0.2ms)[0m  [1m[36mbegin transaction[0m
  ↳ db/seeds.rb:13
  [1m[36mCour Create (0.3ms)[0m  [1m[32mINSERT INTO "cours" ("title", "description") VALUES (?, ?)[0m  [["title", "Beric Dondarrion"], ["description", "The things I do for love."]]
  ↳ db/seeds.rb:13
  [1m[35m (237.8ms)[0m  [1m[36mcommit transaction[0m
  ↳ db/seeds.rb:13
  [1m[35m (0.4ms)[0m  [1m[36mbegin transaction[0m
  ↳ db/seeds.rb:13
  [1m[36mCour Create (1.1ms)[0m  [1m[32mINSERT INTO "cours" ("title", "description") VALUES (?, ?)[0m  [["title", "Gerrick Kingsblood"], ["description", "When you play a game of thrones you win or you die."]]
  ↳ db/seeds.rb:13
  [1m[35m (103.6ms)[0m  [1m[36mcommit transaction[0m
  ↳ db/seeds.rb:13
  [1m[35m (0.1ms)[0m  [1m[34mSELECT "schema_migrations"."version" FROM "schema_migrations" ORDER BY "schema_migrations"."version" ASC[0m
  ↳ bin/rails:9
  [1m[35m (0.0ms)[0m  [1m[36mbegin transaction[0m
  ↳ db/seeds.rb:10
  [1m[36mLecon Create (0.2ms)[0m  [1m[32mINSERT INTO "lecons" ("title", "body", "cour_id") VALUES (?, ?, ?)[0m  [["title", "Red The Bum"], ["body", "Things have certainly changed around here. I remember when this was all farmland as far the eye could see. Old man Peabody owned all of this. He had this crazy idea about breeding pine trees."], ["cour_id", 2]]
  ↳ db/seeds.rb:10
  [1m[35m (103.8ms)[0m  [1m[36mcommit transaction[0m
  ↳ db/seeds.rb:10
  [1m[35m (0.1ms)[0m  [1m[36mbegin transaction[0m
  ↳ db/seeds.rb:10
  [1m[36mLecon Create (0.7ms)[0m  [1m[32mINSERT INTO "lecons" ("title", "body", "cour_id") VALUES (?, ?, ?)[0m  [["title", "Mr. Peabody"], ["body", "Radiation suit? Of course. 'Cause of all the fallout from the atomic wars."], ["cour_id", 2]]
  ↳ db/seeds.rb:10
  [1m[35m (61.4ms)[0m  [1m[36mcommit transaction[0m
  ↳ db/seeds.rb:10
  [1m[35m (0.2ms)[0m  [1m[36mbegin transaction[0m
  ↳ db/seeds.rb:10
  [1m[36mLecon Create (0.6ms)[0m  [1m[32mINSERT INTO "lecons" ("title", "body", "cour_id") VALUES (?, ?, ?)[0m  [["title", "Marty McFly"], ["body", "It's gonna be really hard waiting 30 years before I can talk to you about everything that's happened in the past few days. I'm really gonna miss you, Marty."], ["cour_id", 2]]
  ↳ db/seeds.rb:10
  [1m[35m (237.7ms)[0m  [1m[36mcommit transaction[0m
  ↳ db/seeds.rb:10
  [1m[35m (0.2ms)[0m  [1m[36mbegin transaction[0m
  ↳ db/seeds.rb:10
  [1m[36mLecon Create (0.8ms)[0m  [1m[32mINSERT INTO "lecons" ("title", "body", "cour_id") VALUES (?, ?, ?)[0m  [["title", "Marty McFly"], ["body", "Hey, McFly! I thought I told you never to come in here."], ["cour_id", 1]]
  ↳ db/seeds.rb:10
  [1m[35m (1150.1ms)[0m  [1m[36mcommit transaction[0m
  ↳ db/seeds.rb:10
  [1m[35m (0.2ms)[0m  [1m[36mbegin transaction[0m
  ↳ db/seeds.rb:10
  [1m[36mLecon Create (0.9ms)[0m  [1m[32mINSERT INTO "lecons" ("title", "body", "cour_id") VALUES (?, ?, ?)[0m  [["title", "Dr. Emmett Brown"], ["body", "Since you're new here, I-I'm gonna cut you a break, today. So, why don't you make like a tree and get outta here?"], ["cour_id", 1]]
  ↳ db/seeds.rb:10
  [1m[35m (104.9ms)[0m  [1m[36mcommit transaction[0m
  ↳ db/seeds.rb:10
  [1m[35m (0.2ms)[0m  [1m[36mbegin transaction[0m
  ↳ db/seeds.rb:10
  [1m[36mLecon Create (0.8ms)[0m  [1m[32mINSERT INTO "lecons" ("title", "body", "cour_id") VALUES (?, ?, ?)[0m  [["title", "Mr. Strickland"], ["body", "Oh, my God. They found me. I don't know how, but they found me. Run for it, Marty!"], ["cour_id", 1]]
  ↳ db/seeds.rb:10
  [1m[35m (102.7ms)[0m  [1m[36mcommit transaction[0m
  ↳ db/seeds.rb:10
  [1m[35m (0.2ms)[0m  [1m[36mbegin transaction[0m
  ↳ db/seeds.rb:10
  [1m[36mLecon Create (1.1ms)[0m  [1m[32mINSERT INTO "lecons" ("title", "body", "cour_id") VALUES (?, ?, ?)[0m  [["title", "Red The Bum"], ["body", "Ah, Jesus Christ! Jesus Christ, Doc, you disintegrated Einstein!"], ["cour_id", 2]]
  ↳ db/seeds.rb:10
  [1m[35m (70.0ms)[0m  [1m[36mcommit transaction[0m
  ↳ db/seeds.rb:10
  [1m[35m (0.2ms)[0m  [1m[36mbegin transaction[0m
  ↳ db/seeds.rb:10
  [1m[36mLecon Create (0.7ms)[0m  [1m[32mINSERT INTO "lecons" ("title", "body", "cour_id") VALUES (?, ?, ?)[0m  [["title", "Lorraine Baines"], ["body", "Stella! Another one of these damn kids jumped in front of my car! Come on out here! Help me take him in the house!"], ["cour_id", 1]]
  ↳ db/seeds.rb:10
  [1m[35m (105.5ms)[0m  [1m[36mcommit transaction[0m
  ↳ db/seeds.rb:10
  [1m[35m (0.2ms)[0m  [1m[36mbegin transaction[0m
  ↳ db/seeds.rb:10
  [1m[36mLecon Create (0.9ms)[0m  [1m[32mINSERT INTO "lecons" ("title", "body", "cour_id") VALUES (?, ?, ?)[0m  [["title", "Lorraine Baines"], ["body", "Oh. One other thing. If you guys ever have kids, and one of them, when he's eight years old, accidentally sets fire to the living room rug... go easy on him."], ["cour_id", 1]]
  ↳ db/seeds.rb:10
  [1m[35m (115.1ms)[0m  [1m[36mcommit transaction[0m
  ↳ db/seeds.rb:10
  [1m[35m (0.3ms)[0m  [1m[36mbegin transaction[0m
  ↳ db/seeds.rb:10
  [1m[36mLecon Create (1.0ms)[0m  [1m[32mINSERT INTO "lecons" ("title", "body", "cour_id") VALUES (?, ?, ?)[0m  [["title", "Biff Tannen"], ["body", "Oh, honey, he's teasing you. Nobody has two television sets."], ["cour_id", 2]]
  ↳ db/seeds.rb:10
  [1m[35m (707.6ms)[0m  [1m[36mcommit transaction[0m
  ↳ db/seeds.rb:10
